<?xml version="1.0" encoding="UTF-8"?>
<coverage generated="1726795396759" clover="3.2.0">
  <project timestamp="1726795396759" name="All files">
    <metrics statements="46" coveredstatements="11" conditionals="0" coveredconditionals="0" methods="19" coveredmethods="3" elements="65" coveredelements="14" complexity="0" loc="46" ncloc="46" packages="2" files="12" classes="12"/>
    <package name="libs.domain.src">
      <metrics statements="28" coveredstatements="2" conditionals="0" coveredconditionals="0" methods="15" coveredmethods="0"/>
      <file name="LoggerObserver.ts" path="C:\Users\HP\Downloads\lab 3\lab-2024-ii-cps-u1-03-nest-ea2021072616\comportamiento\libs\domain\src\LoggerObserver.ts">
        <metrics statements="2" coveredstatements="0" conditionals="0" coveredconditionals="0" methods="1" coveredmethods="0"/>
        <line num="3" count="0" type="stmt"/>
        <line num="5" count="0" type="stmt"/>
      </file>
      <file name="concrete-observer.ts" path="C:\Users\HP\Downloads\lab 3\lab-2024-ii-cps-u1-03-nest-ea2021072616\comportamiento\libs\domain\src\concrete-observer.ts">
        <metrics statements="3" coveredstatements="0" conditionals="0" coveredconditionals="0" methods="2" coveredmethods="0"/>
        <line num="3" count="0" type="stmt"/>
        <line num="7" count="0" type="stmt"/>
        <line num="11" count="0" type="stmt"/>
      </file>
      <file name="concrete-subject.ts" path="C:\Users\HP\Downloads\lab 3\lab-2024-ii-cps-u1-03-nest-ea2021072616\comportamiento\libs\domain\src\concrete-subject.ts">
        <metrics statements="8" coveredstatements="0" conditionals="0" coveredconditionals="0" methods="6" coveredmethods="0"/>
        <line num="4" count="0" type="stmt"/>
        <line num="5" count="0" type="stmt"/>
        <line num="9" count="0" type="stmt"/>
        <line num="13" count="0" type="stmt"/>
        <line num="17" count="0" type="stmt"/>
        <line num="18" count="0" type="stmt"/>
        <line num="23" count="0" type="stmt"/>
        <line num="24" count="0" type="stmt"/>
      </file>
      <file name="domain.module.ts" path="C:\Users\HP\Downloads\lab 3\lab-2024-ii-cps-u1-03-nest-ea2021072616\comportamiento\libs\domain\src\domain.module.ts">
        <metrics statements="3" coveredstatements="0" conditionals="0" coveredconditionals="0" methods="0" coveredmethods="0"/>
        <line num="1" count="0" type="stmt"/>
        <line num="2" count="0" type="stmt"/>
        <line num="8" count="0" type="stmt"/>
      </file>
      <file name="domain.service.ts" path="C:\Users\HP\Downloads\lab 3\lab-2024-ii-cps-u1-03-nest-ea2021072616\comportamiento\libs\domain\src\domain.service.ts">
        <metrics statements="2" coveredstatements="2" conditionals="0" coveredconditionals="0" methods="0" coveredmethods="0"/>
        <line num="1" count="1" type="stmt"/>
        <line num="4" count="1" type="stmt"/>
      </file>
      <file name="index.ts" path="C:\Users\HP\Downloads\lab 3\lab-2024-ii-cps-u1-03-nest-ea2021072616\comportamiento\libs\domain\src\index.ts">
        <metrics statements="2" coveredstatements="0" conditionals="0" coveredconditionals="0" methods="0" coveredmethods="0"/>
        <line num="1" count="0" type="stmt"/>
        <line num="2" count="0" type="stmt"/>
      </file>
      <file name="logger-observer.ts" path="C:\Users\HP\Downloads\lab 3\lab-2024-ii-cps-u1-03-nest-ea2021072616\comportamiento\libs\domain\src\logger-observer.ts">
        <metrics statements="2" coveredstatements="0" conditionals="0" coveredconditionals="0" methods="1" coveredmethods="0"/>
        <line num="4" count="0" type="stmt"/>
        <line num="6" count="0" type="stmt"/>
      </file>
      <file name="subject.ts" path="C:\Users\HP\Downloads\lab 3\lab-2024-ii-cps-u1-03-nest-ea2021072616\comportamiento\libs\domain\src\subject.ts">
        <metrics statements="6" coveredstatements="0" conditionals="0" coveredconditionals="0" methods="5" coveredmethods="0"/>
        <line num="4" count="0" type="stmt"/>
        <line num="5" count="0" type="stmt"/>
        <line num="8" count="0" type="stmt"/>
        <line num="12" count="0" type="stmt"/>
        <line num="16" count="0" type="stmt"/>
        <line num="17" count="0" type="stmt"/>
      </file>
    </package>
    <package name="src">
      <metrics statements="18" coveredstatements="9" conditionals="0" coveredconditionals="0" methods="4" coveredmethods="3"/>
      <file name="app.controller.ts" path="C:\Users\HP\Downloads\lab 3\lab-2024-ii-cps-u1-03-nest-ea2021072616\comportamiento\src\app.controller.ts">
        <metrics statements="6" coveredstatements="6" conditionals="0" coveredconditionals="0" methods="2" coveredmethods="2"/>
        <line num="1" count="1" type="stmt"/>
        <line num="2" count="1" type="stmt"/>
        <line num="5" count="1" type="stmt"/>
        <line num="6" count="1" type="stmt"/>
        <line num="9" count="1" type="stmt"/>
        <line num="10" count="1" type="stmt"/>
      </file>
      <file name="app.module.ts" path="C:\Users\HP\Downloads\lab 3\lab-2024-ii-cps-u1-03-nest-ea2021072616\comportamiento\src\app.module.ts">
        <metrics statements="4" coveredstatements="0" conditionals="0" coveredconditionals="0" methods="0" coveredmethods="0"/>
        <line num="1" count="0" type="stmt"/>
        <line num="2" count="0" type="stmt"/>
        <line num="3" count="0" type="stmt"/>
        <line num="10" count="0" type="stmt"/>
      </file>
      <file name="app.service.ts" path="C:\Users\HP\Downloads\lab 3\lab-2024-ii-cps-u1-03-nest-ea2021072616\comportamiento\src\app.service.ts">
        <metrics statements="3" coveredstatements="3" conditionals="0" coveredconditionals="0" methods="1" coveredmethods="1"/>
        <line num="1" count="1" type="stmt"/>
        <line num="4" count="1" type="stmt"/>
        <line num="6" count="1" type="stmt"/>
      </file>
      <file name="main.ts" path="C:\Users\HP\Downloads\lab 3\lab-2024-ii-cps-u1-03-nest-ea2021072616\comportamiento\src\main.ts">
        <metrics statements="5" coveredstatements="0" conditionals="0" coveredconditionals="0" methods="1" coveredmethods="0"/>
        <line num="1" count="0" type="stmt"/>
        <line num="2" count="0" type="stmt"/>
        <line num="5" count="0" type="stmt"/>
        <line num="6" count="0" type="stmt"/>
        <line num="8" count="0" type="stmt"/>
      </file>
    </package>
  </project>
</coverage>
